<?xml version="1.0" encoding="UTF-8"?>
<!-- Generated by org.testng.reporters.JUnitReportReporter -->
<testsuite skipped="1" hostname="EPUALVIW0287" name="uitest.Testing" tests="1" failures="0" timestamp="07 Feb 2018 15:39:47 GMT" time="0.000" errors="0">
  <testcase name="test" time="0.000" classname="uitest.Testing">
    <skipped/>
  </testcase> <!-- test -->
</testsuite> <!-- uitest.Testing -->
